<?xml version="1.0" encoding="UTF-8"?>
<!-- Generated by org.testng.reporters.JUnitXMLReporter -->
<testsuite ignored="0" hostname="DESKTOP-GIABMQJ" failures="0" tests="3" name="Default test" time="1.751" errors="0" timestamp="2023-05-29T15:52:54 IST">
  <testcase classname="com.testNGprogram.ExcelData" name="Readexceldata" time="1.278"/>
  <testcase classname="com.testNGprogram.ExcelData" name="createData" time="0.314"/>
  <testcase classname="com.testNGprogram.ExcelData" name="getcountofTestcase" time="0.066"/>
</testsuite> <!-- Default test -->
