<?xml version="1.0" encoding="UTF-8"?>
<testng-results ignored="0" total="3" passed="3" failed="0" skipped="0">
  <reporter-output>
  </reporter-output>
  <suite started-at="2023-05-29T15:52:52 IST" name="Default suite" finished-at="2023-05-29T15:52:54 IST" duration-ms="1751">
    <groups>
    </groups>
    <test started-at="2023-05-29T15:52:52 IST" name="Default test" finished-at="2023-05-29T15:52:54 IST" duration-ms="1751">
      <class name="com.testNGprogram.ExcelData">
        <test-method signature="Readexceldata()[pri:0, instance:com.testNGprogram.ExcelData@1fa268de]" started-at="2023-05-29T15:52:52 IST" name="Readexceldata" finished-at="2023-05-29T15:52:53 IST" duration-ms="1278" status="PASS">
          <reporter-output>
          </reporter-output>
        </test-method> <!-- Readexceldata -->
        <test-method signature="createData()[pri:0, instance:com.testNGprogram.ExcelData@1fa268de]" started-at="2023-05-29T15:52:53 IST" name="createData" finished-at="2023-05-29T15:52:54 IST" duration-ms="314" status="PASS">
          <reporter-output>
          </reporter-output>
        </test-method> <!-- createData -->
        <test-method signature="getcountofTestcase()[pri:0, instance:com.testNGprogram.ExcelData@1fa268de]" started-at="2023-05-29T15:52:54 IST" name="getcountofTestcase" finished-at="2023-05-29T15:52:54 IST" duration-ms="66" status="PASS">
          <reporter-output>
          </reporter-output>
        </test-method> <!-- getcountofTestcase -->
      </class> <!-- com.testNGprogram.ExcelData -->
    </test> <!-- Default test -->
  </suite> <!-- Default suite -->
</testng-results>
